{
  "stats": {
    "suites": 1,
    "tests": 1,
    "passes": 1,
    "pending": 0,
    "failures": 0,
    "start": "2019-06-28T07:56:14.606Z",
    "end": "2019-06-28T07:56:14.646Z",
    "duration": 40,
    "testsRegistered": 1,
    "passPercent": 100,
    "pendingPercent": 0,
    "other": 0,
    "hasOther": false,
    "skipped": 0,
    "hasSkipped": false,
    "passPercentClass": "success",
    "pendingPercentClass": "danger"
  },
  "suites": {
    "uuid": "24717c8d-278e-4b65-a9a0-534d1e28989d",
    "title": "",
    "fullFile": "",
    "file": "",
    "beforeHooks": [],
    "afterHooks": [],
    "tests": [],
    "suites": [
      {
        "uuid": "b6018889-66a9-408c-acaa-8975159d0c64",
        "title": "node接口",
        "fullFile": "H:\\Sura\\front-end-test\\tests\\service\\router.spec.js",
        "file": "\\tests\\service\\router.spec.js",
        "beforeHooks": [
          {
            "title": "\"before all\" hook: must be on home page",
            "fullTitle": "node接口 \"before all\" hook: must be on home page",
            "timedOut": false,
            "duration": 28,
            "pass": false,
            "fail": false,
            "pending": false,
            "code": "requestProxy.get('/')\n  .expect(200, done)",
            "err": {},
            "isRoot": false,
            "uuid": "a7fffbc7-5102-4b95-a09a-8113ecd01fdc",
            "isHook": true,
            "skipped": false
          }
        ],
        "afterHooks": [],
        "tests": [
          {
            "title": "test接口测试",
            "fullTitle": "node接口 test接口测试",
            "timedOut": false,
            "duration": 3,
            "state": "passed",
            "speed": "fast",
            "pass": true,
            "fail": false,
            "pending": false,
            "code": "requestProxy.get('/')\n  .expect('Content-Type', /json/)\n  .expect(200)\n  .end(function (err, res) {\n    if(err) return done(err)\n    if(res.body.data === 'hello world') {\n      done()\n    } else {\n      done(new Error('接口数据异常'))\n    }\n  })",
            "err": {},
            "isRoot": false,
            "uuid": "112575f4-75fe-4cff-950e-f1c804a1c9ab",
            "isHook": false,
            "skipped": false
          }
        ],
        "suites": [],
        "passes": [
          "112575f4-75fe-4cff-950e-f1c804a1c9ab"
        ],
        "failures": [],
        "pending": [],
        "skipped": [],
        "duration": 3,
        "root": false,
        "rootEmpty": false,
        "_timeout": 2000
      }
    ],
    "passes": [],
    "failures": [],
    "pending": [],
    "skipped": [],
    "duration": 0,
    "root": true,
    "rootEmpty": true,
    "_timeout": 2000
  },
  "copyrightYear": 2019
}