{
  "stats": {
    "suites": 1,
    "tests": 1,
    "passes": 1,
    "pending": 0,
    "failures": 0,
    "start": "2019-06-28T04:21:07.496Z",
    "end": "2019-06-28T04:21:07.537Z",
    "duration": 41,
    "testsRegistered": 1,
    "passPercent": 100,
    "pendingPercent": 0,
    "other": 0,
    "hasOther": false,
    "skipped": 0,
    "hasSkipped": false,
    "passPercentClass": "success",
    "pendingPercentClass": "danger"
  },
  "suites": {
    "uuid": "8702536a-e1ed-444c-817e-be1b043bf620",
    "title": "",
    "fullFile": "",
    "file": "",
    "beforeHooks": [],
    "afterHooks": [],
    "tests": [],
    "suites": [
      {
        "uuid": "370df7d8-07e9-40e8-9f56-45feb0606219",
        "title": "node接口",
        "fullFile": "H:\\Sura\\front-end-test\\tests\\service\\router.spec.js",
        "file": "\\tests\\service\\router.spec.js",
        "beforeHooks": [
          {
            "title": "\"before all\" hook: must be on home page",
            "fullTitle": "node接口 \"before all\" hook: must be on home page",
            "timedOut": false,
            "duration": 30,
            "pass": false,
            "fail": false,
            "pending": false,
            "code": "requestProxy.get('/')\n  .expect(200, done)",
            "err": {},
            "isRoot": false,
            "uuid": "326af252-f0dc-47eb-8702-bd66b97eb895",
            "isHook": true,
            "skipped": false
          }
        ],
        "afterHooks": [],
        "tests": [
          {
            "title": "test接口测试",
            "fullTitle": "node接口 test接口测试",
            "timedOut": false,
            "duration": 3,
            "state": "passed",
            "speed": "fast",
            "pass": true,
            "fail": false,
            "pending": false,
            "code": "requestProxy.get('/')\n  .expect('Content-Type', /json/)\n  .expect(200)\n  .end(function (err, res) {\n    if(err) return done(err)\n    if(res.body.data === 'hello world') {\n      done()\n    } else {\n      done(new Error('接口数据异常'))\n    }\n  })",
            "err": {},
            "isRoot": false,
            "uuid": "aa1a72a5-d942-4a8b-9c42-57f9f3f37b63",
            "isHook": false,
            "skipped": false
          }
        ],
        "suites": [],
        "passes": [
          "aa1a72a5-d942-4a8b-9c42-57f9f3f37b63"
        ],
        "failures": [],
        "pending": [],
        "skipped": [],
        "duration": 3,
        "root": false,
        "rootEmpty": false,
        "_timeout": 2000
      }
    ],
    "passes": [],
    "failures": [],
    "pending": [],
    "skipped": [],
    "duration": 0,
    "root": true,
    "rootEmpty": true,
    "_timeout": 2000
  },
  "copyrightYear": 2019
}